<?xml version="1.0" encoding="UTF-8"?>
<!-- Generated by org.testng.reporters.JUnitReportReporter -->
<testsuite hostname="LAPTOP-QRE30J0F" failures="0" tests="8" name="louisivanvirgo.LoginTest" time="30.310" errors="0" timestamp="2025-05-13T09:56:11 PST" skipped="0">
  <testcase classname="louisivanvirgo.LoginTest" name="testCorrectLogin" time="3.698"/>
  <testcase classname="louisivanvirgo.LoginTest" name="testLockedOutUser" time="3.659"/>
  <testcase classname="louisivanvirgo.LoginTest" name="testLoginPageAccessibility" time="3.832"/>
  <testcase classname="louisivanvirgo.LoginTest" name="testBlankBoth" time="4.859"/>
  <testcase classname="louisivanvirgo.LoginTest" name="testIncorrectPassword" time="3.672"/>
  <testcase classname="louisivanvirgo.LoginTest" name="testIncorrectUsername" time="3.620"/>
  <testcase classname="louisivanvirgo.LoginTest" name="testBlankUsername" time="3.558"/>
  <testcase classname="louisivanvirgo.LoginTest" name="testBlankPassword" time="3.412"/>
</testsuite> <!-- louisivanvirgo.LoginTest -->
