<?xml version="1.0" encoding="UTF-8"?>
<!-- Generated by org.testng.reporters.JUnitReportReporter -->
<testsuite hostname="LAPTOP-QRE30J0F" failures="0" tests="5" name="louisivanvirgo.ProductDetailTest" time="15.130" errors="0" timestamp="2025-05-12T18:54:03 PST" skipped="0">
  <testcase classname="louisivanvirgo.ProductDetailTest" name="userCanAccessProductDetailPage" time="2.579"/>
  <testcase classname="louisivanvirgo.ProductDetailTest" name="verifyRemoveButtonWhenInCart" time="2.784"/>
  <testcase classname="louisivanvirgo.ProductDetailTest" name="verifyCartCountAfterAdd" time="2.859"/>
  <testcase classname="louisivanvirgo.ProductDetailTest" name="verifyAllDetailsAreDisplayed" time="3.737"/>
  <testcase classname="louisivanvirgo.ProductDetailTest" name="verifyCartCountAfterRemove" time="3.171"/>
</testsuite> <!-- louisivanvirgo.ProductDetailTest -->
