<?xml version="1.0" encoding="UTF-8"?>
<!-- Generated by org.testng.reporters.JUnitReportReporter -->
<testsuite hostname="LAPTOP-QRE30J0F" failures="0" tests="11" name="louisivanvirgo.CheckoutPageTest" time="47.669" errors="0" timestamp="2025-05-13T09:12:19 PST" skipped="0">
  <testcase classname="louisivanvirgo.CheckoutPageTest" name="testAccessToCheckoutInfoPage" time="3.915"/>
  <testcase classname="louisivanvirgo.CheckoutPageTest" name="testIfBlankLastNameShowsError" time="4.321"/>
  <testcase classname="louisivanvirgo.CheckoutPageTest" name="testFirstNameOnlyError" time="4.803"/>
  <testcase classname="louisivanvirgo.CheckoutPageTest" name="testIfEmptyFieldsShowsError" time="4.141"/>
  <testcase classname="louisivanvirgo.CheckoutPageTest" name="testIfCancelRedirectsToCart" time="4.052"/>
  <testcase classname="louisivanvirgo.CheckoutPageTest" name="testIfAllFieldsFilledProceeds" time="5.011"/>
  <testcase classname="louisivanvirgo.CheckoutPageTest" name="testLastNameOnlyError" time="4.254"/>
  <testcase classname="louisivanvirgo.CheckoutPageTest" name="testIfBlankZipShowsError" time="4.596"/>
  <testcase classname="louisivanvirgo.CheckoutPageTest" name="testIfBlankFirstNameShowsError" time="4.218"/>
  <testcase classname="louisivanvirgo.CheckoutPageTest" name="testZipOnlyError" time="4.266"/>
  <testcase classname="louisivanvirgo.CheckoutPageTest" name="testFormElementsDisplayed" time="4.092"/>
</testsuite> <!-- louisivanvirgo.CheckoutPageTest -->
