<?xml version="1.0" encoding="UTF-8"?>
<!-- Generated by org.testng.reporters.JUnitReportReporter -->
<testsuite hostname="LAPTOP-QRE30J0F" failures="0" tests="9" name="louisivanvirgo.CartPageTest" time="41.383" errors="0" timestamp="2025-05-12T18:54:58 PST" skipped="0">
  <testcase classname="louisivanvirgo.CartPageTest" name="testAddedProducIsDisplayedInCart" time="2.977"/>
  <testcase classname="louisivanvirgo.CartPageTest" name="testRemovveAllItemsFromCart" time="13.834"/>
  <testcase classname="louisivanvirgo.CartPageTest" name="testCSButtonButtonRedirectsToInventory" time="3.194"/>
  <testcase classname="louisivanvirgo.CartPageTest" name="testRemoveItemFromCart" time="4.816"/>
  <testcase classname="louisivanvirgo.CartPageTest" name="testMultipleAddedProductDisplayedInCart" time="3.172"/>
  <testcase classname="louisivanvirgo.CartPageTest" name="testAccessCartPage" time="2.696"/>
  <testcase classname="louisivanvirgo.CartPageTest" name="testIfCartPersistAfterRelogin" time="3.703"/>
  <testcase classname="louisivanvirgo.CartPageTest" name="testCartDetailsIsDisplayed" time="3.133"/>
  <testcase classname="louisivanvirgo.CartPageTest" name="testProductDetailsInCart" time="3.858"/>
</testsuite> <!-- louisivanvirgo.CartPageTest -->
