<?xml version="1.0" encoding="UTF-8"?>
<!-- Generated by org.testng.reporters.JUnitReportReporter -->
<testsuite hostname="LAPTOP-QRE30J0F" failures="0" tests="4" name="louisivanvirgo.CartFuncTest" time="14.190" errors="0" timestamp="2025-05-12T18:53:43 PST" skipped="0">
  <testcase classname="louisivanvirgo.CartFuncTest" name="testCartCountMultiple" time="3.793"/>
  <testcase classname="louisivanvirgo.CartFuncTest" name="testIfSidebarCloses" time="3.868"/>
  <testcase classname="louisivanvirgo.CartFuncTest" name="testIfMenuOptionsAreVisible" time="3.624"/>
  <testcase classname="louisivanvirgo.CartFuncTest" name="testCartCountUpdate" time="2.905"/>
</testsuite> <!-- louisivanvirgo.CartFuncTest -->
