<?xml version="1.0" encoding="UTF-8"?>
<!-- Generated by org.testng.reporters.JUnitReportReporter -->
<testsuite hostname="LAPTOP-QRE30J0F" failures="0" tests="4" name="louisivanvirgo.OrderCompTest" time="17.140" errors="0" timestamp="2025-05-12T18:59:50 PST" skipped="0">
  <testcase classname="louisivanvirgo.OrderCompTest" name="testBackToProductPage" time="5.037"/>
  <testcase classname="louisivanvirgo.OrderCompTest" name="verifyIfAllDetailsAreDisplayed" time="4.127"/>
  <testcase classname="louisivanvirgo.OrderCompTest" name="testFinishButton" time="3.840"/>
  <testcase classname="louisivanvirgo.OrderCompTest" name="verifyIfUserIsOnOrderCompletionPage" time="4.136"/>
</testsuite> <!-- louisivanvirgo.OrderCompTest -->
