<?xml version="1.0" encoding="UTF-8"?>
<!-- Generated by org.testng.reporters.JUnitReportReporter -->
<testsuite hostname="LAPTOP-QRE30J0F" failures="0" tests="8" name="louisivanvirgo.LoginTest" time="21.537" errors="0" timestamp="2025-05-12T18:52:51 PST" skipped="0">
  <testcase classname="louisivanvirgo.LoginTest" name="testEmptyFields" time="2.428"/>
  <testcase classname="louisivanvirgo.LoginTest" name="testIncorrectPassword" time="2.334"/>
  <testcase classname="louisivanvirgo.LoginTest" name="testEmptyUsername" time="4.762"/>
  <testcase classname="louisivanvirgo.LoginTest" name="testValidLogin" time="2.511"/>
  <testcase classname="louisivanvirgo.LoginTest" name="testLoginPageElements" time="2.140"/>
  <testcase classname="louisivanvirgo.LoginTest" name="testIncorrectUsername" time="2.447"/>
  <testcase classname="louisivanvirgo.LoginTest" name="testEmptyPassword" time="2.508"/>
  <testcase classname="louisivanvirgo.LoginTest" name="testLockedOutUserLogin" time="2.407"/>
</testsuite> <!-- louisivanvirgo.LoginTest -->
