<?xml version="1.0" encoding="UTF-8"?>
<!-- Generated by org.testng.reporters.JUnitReportReporter -->
<testsuite hostname="LAPTOP-QRE30J0F" failures="0" tests="8" name="louisivanvirgo.ProductTest" time="22.858" errors="0" timestamp="2025-05-12T18:53:23 PST" skipped="0">
  <testcase classname="louisivanvirgo.ProductTest" name="testAccessToProductsPage" time="2.418"/>
  <testcase classname="louisivanvirgo.ProductTest" name="testSortByPriceLowToHigh" time="2.657"/>
  <testcase classname="louisivanvirgo.ProductTest" name="testAllProductDetailsAreDisplayed" time="3.673"/>
  <testcase classname="louisivanvirgo.ProductTest" name="testAddToCartButtonChanges" time="3.383"/>
  <testcase classname="louisivanvirgo.ProductTest" name="testSortByNameZtoA" time="2.611"/>
  <testcase classname="louisivanvirgo.ProductTest" name="testAllProductsAreVisible" time="2.544"/>
  <testcase classname="louisivanvirgo.ProductTest" name="testSortByPriceHighToLow" time="2.838"/>
  <testcase classname="louisivanvirgo.ProductTest" name="testSortByNameAToZ" time="2.734"/>
</testsuite> <!-- louisivanvirgo.ProductTest -->
