<?xml version="1.0" encoding="UTF-8"?>
<!-- Generated by org.testng.reporters.JUnitReportReporter -->
<testsuite hostname="LAPTOP-QRE30J0F" failures="0" tests="9" name="louisivanvirgo.CartPageTest" time="48.018" errors="0" timestamp="2025-05-13T10:00:59 PST" skipped="0">
  <testcase classname="louisivanvirgo.CartPageTest" name="testAddedProducIsDisplayedInCart" time="4.083"/>
  <testcase classname="louisivanvirgo.CartPageTest" name="testIfCartPersistAfterRelogin" time="5.030"/>
  <testcase classname="louisivanvirgo.CartPageTest" name="testCSButtonButtonRedirectsToInventory" time="3.497"/>
  <testcase classname="louisivanvirgo.CartPageTest" name="testRemovveAllItemsFromCart" time="14.628"/>
  <testcase classname="louisivanvirgo.CartPageTest" name="testMultipleAddedProductDisplayedInCart" time="4.084"/>
  <testcase classname="louisivanvirgo.CartPageTest" name="testAccessCartPage" time="4.165"/>
  <testcase classname="louisivanvirgo.CartPageTest" name="testCartDetailsIsDisplayed" time="3.850"/>
  <testcase classname="louisivanvirgo.CartPageTest" name="testRemoveItemFromCart" time="3.905"/>
  <testcase classname="louisivanvirgo.CartPageTest" name="testProductDetailsInCart" time="4.776"/>
</testsuite> <!-- louisivanvirgo.CartPageTest -->
