<?xml version="1.0" encoding="UTF-8"?>
<!-- Generated by org.testng.reporters.JUnitReportReporter -->
<testsuite hostname="LAPTOP-QRE30J0F" failures="0" tests="11" name="louisivanvirgo.CheckoutPageTest" time="40.619" errors="0" timestamp="2025-05-12T18:55:43 PST" skipped="0">
  <testcase classname="louisivanvirgo.CheckoutPageTest" name="testAccessToCheckoutInfoPage" time="3.174"/>
  <testcase classname="louisivanvirgo.CheckoutPageTest" name="testIfBlankLastNameShowsError" time="3.687"/>
  <testcase classname="louisivanvirgo.CheckoutPageTest" name="testLastNameOnlyError" time="3.748"/>
  <testcase classname="louisivanvirgo.CheckoutPageTest" name="testIfBlankZipShowsError" time="3.833"/>
  <testcase classname="louisivanvirgo.CheckoutPageTest" name="testIfBlankFirstNameShowsError" time="3.715"/>
  <testcase classname="louisivanvirgo.CheckoutPageTest" name="testFirstNameOnlyError" time="3.740"/>
  <testcase classname="louisivanvirgo.CheckoutPageTest" name="testIfAllFieldsFilledProceeds" time="4.440"/>
  <testcase classname="louisivanvirgo.CheckoutPageTest" name="testIfCancelRedirectsToCart" time="3.178"/>
  <testcase classname="louisivanvirgo.CheckoutPageTest" name="testFormElementsDisplayed" time="3.363"/>
  <testcase classname="louisivanvirgo.CheckoutPageTest" name="testIfEmptyFieldsShowsError" time="3.964"/>
  <testcase classname="louisivanvirgo.CheckoutPageTest" name="testZipOnlyError" time="3.777"/>
</testsuite> <!-- louisivanvirgo.CheckoutPageTest -->
