<?xml version="1.0" encoding="UTF-8"?>
<!-- Generated by org.testng.reporters.JUnitReportReporter -->
<testsuite hostname="LAPTOP-QRE30J0F" failures="0" tests="8" name="louisivanvirgo.ProductTest" time="29.760" errors="0" timestamp="2025-05-13T09:55:31 PST" skipped="0">
  <testcase classname="louisivanvirgo.ProductTest" name="testAllProductsAreVisible" time="3.353"/>
  <testcase classname="louisivanvirgo.ProductTest" name="testSortByPriceHighToLow" time="3.513"/>
  <testcase classname="louisivanvirgo.ProductTest" name="testAddToCartButtonChanges" time="4.095"/>
  <testcase classname="louisivanvirgo.ProductTest" name="testSortByNameAToZ" time="3.535"/>
  <testcase classname="louisivanvirgo.ProductTest" name="testSortByNameZtoA" time="3.479"/>
  <testcase classname="louisivanvirgo.ProductTest" name="testAllProductDetailsAreDisplayed" time="4.845"/>
  <testcase classname="louisivanvirgo.ProductTest" name="testAccessToProductsPage" time="3.173"/>
  <testcase classname="louisivanvirgo.ProductTest" name="testSortByPriceLowToHigh" time="3.767"/>
</testsuite> <!-- louisivanvirgo.ProductTest -->
