<?xml version="1.0" encoding="UTF-8"?>
<!-- Generated by org.testng.reporters.JUnitReportReporter -->
<testsuite hostname="LAPTOP-QRE30J0F" failures="0" tests="5" name="louisivanvirgo.OverviewTest" time="22.007" errors="0" timestamp="2025-05-13T09:13:09 PST" skipped="0">
  <testcase classname="louisivanvirgo.OverviewTest" name="testRequiredDetailsDisplayed" time="4.504"/>
  <testcase classname="louisivanvirgo.OverviewTest" name="testTotalPriceCalculationIsCorrect" time="4.191"/>
  <testcase classname="louisivanvirgo.OverviewTest" name="testProductDetailsInCart" time="4.305"/>
  <testcase classname="louisivanvirgo.OverviewTest" name="testAccessToOverviewPage" time="4.741"/>
  <testcase classname="louisivanvirgo.OverviewTest" name="testCancelButtonRedirection" time="4.266"/>
</testsuite> <!-- louisivanvirgo.OverviewTest -->
