<?xml version="1.0" encoding="UTF-8"?>
<!-- Generated by org.testng.reporters.JUnitReportReporter -->
<testsuite hostname="LAPTOP-QRE30J0F" failures="0" tests="4" name="louisivanvirgo.CartTest" time="18.158" errors="0" timestamp="2025-05-06T13:48:46 PST" skipped="0">
  <testcase classname="louisivanvirgo.CartTest" name="testIfMenuOptionsAreVisible" time="4.101"/>
  <testcase classname="louisivanvirgo.CartTest" name="testIfSidebarCloses" time="4.764"/>
  <testcase classname="louisivanvirgo.CartTest" name="testCartCountMultiple" time="5.260"/>
  <testcase classname="louisivanvirgo.CartTest" name="testCartCountUpdate" time="4.033"/>
</testsuite> <!-- louisivanvirgo.CartTest -->
