<?xml version="1.0" encoding="UTF-8"?>
<!-- Generated by org.testng.reporters.JUnitReportReporter -->
<testsuite hostname="LAPTOP-QRE30J0F" failures="0" tests="4" name="louisivanvirgo.OrderCompTest" time="17.931" errors="0" timestamp="2025-05-13T09:14:54 PST" skipped="0">
  <testcase classname="louisivanvirgo.OrderCompTest" name="verifyIfAllDetailsAreDisplayed" time="4.941"/>
  <testcase classname="louisivanvirgo.OrderCompTest" name="testFinishButton" time="4.251"/>
  <testcase classname="louisivanvirgo.OrderCompTest" name="testBackToProductPage" time="4.208"/>
  <testcase classname="louisivanvirgo.OrderCompTest" name="verifyIfUserIsOnOrderCompletionPage" time="4.531"/>
</testsuite> <!-- louisivanvirgo.OrderCompTest -->
