<?xml version="1.0" encoding="UTF-8"?>
<!-- Generated by org.testng.reporters.JUnitReportReporter -->
<testsuite hostname="LAPTOP-QRE30J0F" failures="0" tests="5" name="louisivanvirgo.OverviewTest" time="20.745" errors="0" timestamp="2025-05-12T18:59:23 PST" skipped="0">
  <testcase classname="louisivanvirgo.OverviewTest" name="testAccessToOverviewPage" time="3.742"/>
  <testcase classname="louisivanvirgo.OverviewTest" name="testProductDetailsInCart" time="4.100"/>
  <testcase classname="louisivanvirgo.OverviewTest" name="testRequiredDetailsDisplayed" time="4.244"/>
  <testcase classname="louisivanvirgo.OverviewTest" name="testTotalPriceCalculationIsCorrect" time="3.736"/>
  <testcase classname="louisivanvirgo.OverviewTest" name="testCancelButtonRedirection" time="4.923"/>
</testsuite> <!-- louisivanvirgo.OverviewTest -->
