<?xml version="1.0" encoding="UTF-8"?>
<!-- Generated by org.testng.reporters.JUnitReportReporter -->
<testsuite hostname="LAPTOP-QRE30J0F" failures="0" tests="5" name="louisivanvirgo.ProductDetailTest" time="19.246" errors="0" timestamp="2025-05-13T09:56:51 PST" skipped="0">
  <testcase classname="louisivanvirgo.ProductDetailTest" name="userCanAccessProductDetailPage" time="3.438"/>
  <testcase classname="louisivanvirgo.ProductDetailTest" name="verifyRemoveButtonWhenInCart" time="3.707"/>
  <testcase classname="louisivanvirgo.ProductDetailTest" name="verifyCartCountAfterAdd" time="4.484"/>
  <testcase classname="louisivanvirgo.ProductDetailTest" name="verifyAllDetailsAreDisplayed" time="3.804"/>
  <testcase classname="louisivanvirgo.ProductDetailTest" name="verifyCartCountAfterRemove" time="3.813"/>
</testsuite> <!-- louisivanvirgo.ProductDetailTest -->
