<?xml version="1.0" encoding="UTF-8"?>
<!-- Generated by org.testng.reporters.JUnitReportReporter -->
<testsuite hostname="LAPTOP-QRE30J0F" failures="0" tests="4" name="louisivanvirgo.CartFuncTest" time="17.619" errors="0" timestamp="2025-05-13T09:54:49 PST" skipped="0">
  <testcase classname="louisivanvirgo.CartFuncTest" name="testCartCountMultiple" time="4.982"/>
  <testcase classname="louisivanvirgo.CartFuncTest" name="testIfSidebarCloses" time="4.664"/>
  <testcase classname="louisivanvirgo.CartFuncTest" name="testIfMenuOptionsAreVisible" time="4.343"/>
  <testcase classname="louisivanvirgo.CartFuncTest" name="testCartCountUpdate" time="3.630"/>
</testsuite> <!-- louisivanvirgo.CartFuncTest -->
